<?xml version="1.0" encoding="UTF-8"?>
<testng-results ignored="0" total="1" passed="1" failed="0" skipped="0">
  <reporter-output>
  </reporter-output>
  <suite started-at="2023-10-07T13:47:50 EDT" name="Default suite" finished-at="2023-10-07T13:47:54 EDT" duration-ms="3539">
    <groups>
    </groups>
    <test started-at="2023-10-07T13:47:50 EDT" name="Default test" finished-at="2023-10-07T13:47:54 EDT" duration-ms="3539">
      <class name="com.facebook.loginTests.LoginTest">
        <test-method is-config="true" signature="openFacebook()[pri:0, instance:com.facebook.loginTests.LoginTest@1bb5a082]" started-at="2023-10-07T13:47:51 EDT" name="openFacebook" finished-at="2023-10-07T13:47:54 EDT" duration-ms="3050" status="PASS">
          <reporter-output>
          </reporter-output>
        </test-method> <!-- openFacebook -->
        <test-method signature="loginTest()[pri:0, instance:com.facebook.loginTests.LoginTest@1bb5a082]" started-at="2023-10-07T13:47:54 EDT" name="loginTest" finished-at="2023-10-07T13:47:54 EDT" duration-ms="279" status="PASS">
          <reporter-output>
          </reporter-output>
        </test-method> <!-- loginTest -->
        <test-method is-config="true" signature="closeFacebook()[pri:0, instance:com.facebook.loginTests.LoginTest@1bb5a082]" started-at="2023-10-07T13:47:54 EDT" name="closeFacebook" finished-at="2023-10-07T13:47:54 EDT" duration-ms="158" status="PASS">
          <reporter-output>
          </reporter-output>
        </test-method> <!-- closeFacebook -->
      </class> <!-- com.facebook.loginTests.LoginTest -->
    </test> <!-- Default test -->
  </suite> <!-- Default suite -->
</testng-results>
